\BOOKMARK [1][-]{section.1}{\376\377\000I\000n\000t\000r\000o\000d\000u\000\347\000\343\000o}{}% 1
\BOOKMARK [2][-]{subsection.1.1}{\376\377\000C\000o\000n\000t\000e\000x\000t\000u\000a\000l\000i\000z\000a\000\347\000\343\000o}{section.1}% 2
\BOOKMARK [2][-]{subsection.1.2}{\376\377\000O\000b\000j\000e\000t\000i\000v\000o\000s}{section.1}% 3
\BOOKMARK [2][-]{subsection.1.3}{\376\377\000E\000s\000t\000r\000u\000t\000u\000r\000a\000\040\000d\000o\000\040\000R\000e\000l\000a\000t\000\363\000r\000i\000o}{section.1}% 4
\BOOKMARK [1][-]{section.2}{\376\377\000A\000r\000q\000u\000i\000t\000e\000t\000u\000r\000a\000\040\000d\000a\000\040\000S\000o\000l\000u\000\347\000\343\000o}{}% 5
\BOOKMARK [1][-]{section.3}{\376\377\000D\000a\000d\000o\000s\000\040\000e\000\040\000A\000n\000a\000l\000i\000s\000e\000\040\000E\000x\000p\000l\000o\000r\000a\000t\000\363\000r\000i\000a\000\040\000d\000o\000s\000\040\000D\000a\000d\000o\000s}{}% 6
\BOOKMARK [2][-]{subsection.3.1}{\376\377\000S\000e\000l\000e\000\347\000\343\000o\000\040\000d\000o\000s\000\040\000D\000a\000t\000a\000s\000e\000t\000s}{section.3}% 7
\BOOKMARK [2][-]{subsection.3.2}{\376\377\000A\000n\000\341\000l\000i\000s\000e\000\040\000e\000\040\000T\000r\000a\000t\000a\000m\000e\000n\000t\000o\000\040\000d\000e\000\040\000D\000a\000d\000o\000s}{section.3}% 8
\BOOKMARK [1][-]{section.4}{\376\377\000D\000e\000s\000e\000n\000v\000o\000l\000v\000i\000m\000e\000n\000t\000o\000\040\000d\000o\000s\000\040\000M\000o\000d\000e\000l\000o\000s\000\040\000\050\000M\000e\000t\000o\000d\000o\000l\000o\000g\000i\000a\000\051}{}% 9
\BOOKMARK [2][-]{subsection.4.1}{\376\377\000M\000o\000d\000e\000l\000o\000\040\0001\000:\000\040\000C\000l\000a\000s\000s\000i\000f\000i\000c\000a\000\347\000\343\000o\000\040\000d\000e\000\040\000T\000\363\000p\000i\000c\000o\000s}{section.4}% 10
\BOOKMARK [2][-]{subsection.4.2}{\376\377\000M\000o\000d\000e\000l\000o\000\040\0002\000:\000\040\000D\000e\000t\000e\000\347\000\343\000o\000\040\000d\000e\000\040\000S\000t\000a\000n\000c\000e\000\040\000\050\000P\000o\000s\000t\000u\000r\000a}{section.4}% 11
\BOOKMARK [2][-]{subsection.4.3}{\376\377\000M\000o\000d\000e\000l\000o\000\040\0003\000:\000\040\000A\000n\000\341\000l\000i\000s\000e\000\040\000d\000e\000\040\000C\000o\000n\000s\000i\000s\000t\000\352\000n\000c\000i\000a\000\040\000S\000e\000m\000\342\000n\000t\000i\000c\000a}{section.4}% 12
\BOOKMARK [2][-]{subsection.4.4}{\376\377\000R\000e\000q\000u\000i\000s\000i\000t\000o\000\040\000d\000e\000\040\000A\000p\000r\000e\000n\000d\000i\000z\000a\000g\000e\000m\000\040\000N\000\343\000o\000\040\000S\000u\000p\000e\000r\000v\000i\000s\000i\000o\000n\000a\000d\000a}{section.4}% 13
\BOOKMARK [2][-]{subsection.4.5}{\376\377\000M\000o\000d\000e\000l\000o\000\040\000F\000i\000n\000a\000l\000:\000\040\000F\000a\000k\000e\000\040\000N\000e\000w\000s\000\040\000M\000e\000t\000a\000-\000C\000l\000a\000s\000s\000i\000f\000i\000e\000r}{section.4}% 14
\BOOKMARK [1][-]{section.5}{\376\377\000R\000e\000s\000u\000l\000t\000a\000d\000o\000s\000\040\000e\000\040\000A\000n\000\341\000l\000i\000s\000e\000\040\000C\000r\000\355\000t\000i\000c\000a}{}% 15
\BOOKMARK [2][-]{subsection.5.1}{\376\377\000A\000v\000a\000l\000i\000a\000\347\000\343\000o\000\040\000d\000o\000s\000\040\000M\000o\000d\000e\000l\000o\000s\000\040\000I\000n\000t\000e\000r\000m\000\351\000d\000i\000o\000s}{section.5}% 16
\BOOKMARK [2][-]{subsection.5.2}{\376\377\000A\000v\000a\000l\000i\000a\000\347\000\343\000o\000\040\000d\000o\000\040\000M\000o\000d\000e\000l\000o\000\040\000F\000i\000n\000a\000l}{section.5}% 17
\BOOKMARK [2][-]{subsection.5.3}{\376\377\000D\000i\000s\000c\000u\000s\000s\000\343\000o}{section.5}% 18
\BOOKMARK [1][-]{section.6}{\376\377\000I\000n\000t\000e\000r\000f\000a\000c\000e\000\040\000d\000e\000\040\000U\000t\000i\000l\000i\000z\000a\000\347\000\343\000o}{}% 19
\BOOKMARK [2][-]{subsection.6.1}{\376\377\000D\000e\000s\000c\000r\000i\000\347\000\343\000o\000\040\000d\000a\000\040\000A\000p\000l\000i\000c\000a\000\347\000\343\000o}{section.6}% 20
\BOOKMARK [2][-]{subsection.6.2}{\376\377\000E\000x\000e\000m\000p\000l\000o\000\040\000d\000e\000\040\000U\000t\000i\000l\000i\000z\000a\000\347\000\343\000o}{section.6}% 21
\BOOKMARK [1][-]{section.7}{\376\377\000C\000o\000n\000c\000l\000u\000s\000\365\000e\000s\000\040\000e\000\040\000T\000r\000a\000b\000a\000l\000h\000o\000\040\000F\000u\000t\000u\000r\000o}{}% 22
\BOOKMARK [2][-]{subsection.7.1}{\376\377\000R\000e\000f\000l\000e\000x\000\343\000o\000\040\000C\000r\000\355\000t\000i\000c\000a\000\040\000d\000o\000s\000\040\000R\000e\000s\000u\000l\000t\000a\000d\000o\000s}{section.7}% 23
\BOOKMARK [2][-]{subsection.7.2}{\376\377\000C\000o\000n\000c\000l\000u\000s\000\365\000e\000s\000\040\000e\000\040\000T\000r\000a\000b\000a\000l\000h\000o\000\040\000F\000u\000t\000u\000r\000o}{section.7}% 24
